<?xml version="1.0" encoding="UTF-8"?>
<testsuite name="hds.RegisterTest" tests="10" skipped="0" failures="0" errors="0" timestamp="2018-03-20T13:42:18" hostname="Joaos-MacBook-Pro-2.local" time="0.073">
  <properties/>
  <testcase name="nullKey" classname="hds.RegisterTest" time="0.002"/>
  <testcase name="nullUsername" classname="hds.RegisterTest" time="0.0"/>
  <testcase name="nullKeyAndUsername" classname="hds.RegisterTest" time="0.001"/>
  <testcase name="ok" classname="hds.RegisterTest" time="0.009"/>
  <testcase name="nonAlphaNumericUsername2" classname="hds.RegisterTest" time="0.001"/>
  <testcase name="falseKey" classname="hds.RegisterTest" time="0.055"/>
  <testcase name="keyAndUsernameExist" classname="hds.RegisterTest" time="0.001"/>
  <testcase name="nonAlphaNumericUsername" classname="hds.RegisterTest" time="0.001"/>
  <testcase name="keyExists" classname="hds.RegisterTest" time="0.001"/>
  <testcase name="usernameExists" classname="hds.RegisterTest" time="0.001"/>
  <system-out><![CDATA[REGISTER: sec 	PUBLICKEY: null
REGISTER: null 	PUBLICKEY: MIGfMA0GCSqGSIb3DQEBAQUAA4GNADCBiQKBgQCJZTyXjVttDI2gbqdAWShLpndoD/Wng68xR2nMvZ6H2Qor8ZDNnsAbXNCBpFZFUhp0ka0dt8M/L/uH/cFbDw8kn8U4d8gDJTLxwMtF6bQVkNDyoWixj5Ir+Kj5J7XSkX8sDzlTOahZ549URPX/8uaq6SfsQx2hTOJjnfuMp8r2EQIDAQAB
REGISTER: null 	PUBLICKEY: null
REGISTER: sec1 	PUBLICKEY: MIGfMA0GCSqGSIb3DQEBAQUAA4GNADCBiQKBgQCJZTyXjVttDI2gbqdAWShLpndoD/Wng68xR2nMvZ6H2Qor8ZDNnsAbXNCBpFZFUhp0ka0dt8M/L/uH/cFbDw8kn8U4d8gDJTLxwMtF6bQVkNDyoWixj5Ir+Kj5J7XSkX8sDzlTOahZ549URPX/8uaq6SfsQx2hTOJjnfuMp8r2EQIDAQAB
REGISTER: sec2 	PUBLICKEY: MIGfMA0GCSqGSIb3DQEBAQUAA4GNADCBiQKBgQDiCHFJagc67ZQZtCEXzZ19rE5kLW4n5geDB/0pDAx+2ZYlOfDsx91J2xE6UANJHmmPG4W9dhPN4J1R12ncFUZ2e6Qd3swA4vswwGbL9Sq+Fo/H3wOzwp15K1M6QjsEhx/JpcpToN35GTLjlgrE2t5loWFE3gL0pL6IYq0PQQLuaQIDAQAB
REGISTER: -1 	PUBLICKEY: MIGfMA0GCSqGSIb3DQEBAQUAA4GNADCBiQKBgQCJZTyXjVttDI2gbqdAWShLpndoD/Wng68xR2nMvZ6H2Qor8ZDNnsAbXNCBpFZFUhp0ka0dt8M/L/uH/cFbDw8kn8U4d8gDJTLxwMtF6bQVkNDyoWixj5Ir+Kj5J7XSkX8sDzlTOahZ549URPX/8uaq6SfsQx2hTOJjnfuMp8r2EQIDAQAB
REGISTER: sec1 	PUBLICKEY: ThisKeyIsFake
REGISTER: sec 	PUBLICKEY: MIGfMA0GCSqGSIb3DQEBAQUAA4GNADCBiQKBgQCJZTyXjVttDI2gbqdAWShLpndoD/Wng68xR2nMvZ6H2Qor8ZDNnsAbXNCBpFZFUhp0ka0dt8M/L/uH/cFbDw8kn8U4d8gDJTLxwMtF6bQVkNDyoWixj5Ir+Kj5J7XSkX8sDzlTOahZ549URPX/8uaq6SfsQx2hTOJjnfuMp8r2EQIDAQAB
REGISTER: sec 	PUBLICKEY: MIGfMA0GCSqGSIb3DQEBAQUAA4GNADCBiQKBgQCJZTyXjVttDI2gbqdAWShLpndoD/Wng68xR2nMvZ6H2Qor8ZDNnsAbXNCBpFZFUhp0ka0dt8M/L/uH/cFbDw8kn8U4d8gDJTLxwMtF6bQVkNDyoWixj5Ir+Kj5J7XSkX8sDzlTOahZ549URPX/8uaq6SfsQx2hTOJjnfuMp8r2EQIDAQAB
REGISTER: 12/dd$% 	PUBLICKEY: MIGfMA0GCSqGSIb3DQEBAQUAA4GNADCBiQKBgQCJZTyXjVttDI2gbqdAWShLpndoD/Wng68xR2nMvZ6H2Qor8ZDNnsAbXNCBpFZFUhp0ka0dt8M/L/uH/cFbDw8kn8U4d8gDJTLxwMtF6bQVkNDyoWixj5Ir+Kj5J7XSkX8sDzlTOahZ549URPX/8uaq6SfsQx2hTOJjnfuMp8r2EQIDAQAB
REGISTER: sec 	PUBLICKEY: MIGfMA0GCSqGSIb3DQEBAQUAA4GNADCBiQKBgQCJZTyXjVttDI2gbqdAWShLpndoD/Wng68xR2nMvZ6H2Qor8ZDNnsAbXNCBpFZFUhp0ka0dt8M/L/uH/cFbDw8kn8U4d8gDJTLxwMtF6bQVkNDyoWixj5Ir+Kj5J7XSkX8sDzlTOahZ549URPX/8uaq6SfsQx2hTOJjnfuMp8r2EQIDAQAB
REGISTER: sec2 	PUBLICKEY: MIGfMA0GCSqGSIb3DQEBAQUAA4GNADCBiQKBgQCJZTyXjVttDI2gbqdAWShLpndoD/Wng68xR2nMvZ6H2Qor8ZDNnsAbXNCBpFZFUhp0ka0dt8M/L/uH/cFbDw8kn8U4d8gDJTLxwMtF6bQVkNDyoWixj5Ir+Kj5J7XSkX8sDzlTOahZ549URPX/8uaq6SfsQx2hTOJjnfuMp8r2EQIDAQAB
REGISTER: sec 	PUBLICKEY: MIGfMA0GCSqGSIb3DQEBAQUAA4GNADCBiQKBgQCJZTyXjVttDI2gbqdAWShLpndoD/Wng68xR2nMvZ6H2Qor8ZDNnsAbXNCBpFZFUhp0ka0dt8M/L/uH/cFbDw8kn8U4d8gDJTLxwMtF6bQVkNDyoWixj5Ir+Kj5J7XSkX8sDzlTOahZ549URPX/8uaq6SfsQx2hTOJjnfuMp8r2EQIDAQAB
REGISTER: sec 	PUBLICKEY: MIGfMA0GCSqGSIb3DQEBAQUAA4GNADCBiQKBgQDiCHFJagc67ZQZtCEXzZ19rE5kLW4n5geDB/0pDAx+2ZYlOfDsx91J2xE6UANJHmmPG4W9dhPN4J1R12ncFUZ2e6Qd3swA4vswwGbL9Sq+Fo/H3wOzwp15K1M6QjsEhx/JpcpToN35GTLjlgrE2t5loWFE3gL0pL6IYq0PQQLuaQIDAQAB
]]></system-out>
  <system-err><![CDATA[]]></system-err>
</testsuite>
